<?xml version="1.0" encoding="UTF-8"?>
<!-- Generated by org.testng.reporters.JUnitReportReporter -->
<testsuite hostname="DESKTOP-K42ITB2" failures="0" tests="2" name="com.naukri.qa.testcasses.UpdateProfileTest" time="79.267" errors="0" timestamp="2023-02-28T20:44:18 IST" skipped="1">
  <testcase classname="com.naukri.qa.testcasses.UpdateProfileTest" name="resumeUpdateTest" time="79.267"/>
  <system-out/>
  <testcase classname="com.naukri.qa.testcasses.UpdateProfileTest" name="verifyProfilePageTitleTest">
    <skipped/>
  </testcase> <!-- verifyProfilePageTitleTest -->
  <system-out/>
</testsuite> <!-- com.naukri.qa.testcasses.UpdateProfileTest -->
