<?xml version="1.0" encoding="UTF-8"?>
<!-- Generated by org.testng.reporters.JUnitReportReporter -->
<testsuite hostname="DESKTOP-K42ITB2" failures="0" tests="3" name="com.naukri.qa.testcasses.LoginPageTest" time="63.668" errors="0" timestamp="2022-11-05T11:57:32 IST" skipped="2">
  <testcase classname="com.naukri.qa.testcasses.LoginPageTest" name="loginTest" time="63.668"/>
  <system-out/>
  <testcase classname="com.naukri.qa.testcasses.LoginPageTest" name="loginPageTitle">
    <skipped/>
  </testcase> <!-- loginPageTitle -->
  <system-out/>
  <testcase classname="com.naukri.qa.testcasses.LoginPageTest" name="headerTest">
    <skipped/>
  </testcase> <!-- headerTest -->
  <system-out/>
</testsuite> <!-- com.naukri.qa.testcasses.LoginPageTest -->
