<?xml version="1.0" encoding="UTF-8"?>
<!-- Generated by org.testng.reporters.JUnitReportReporter -->
<testsuite hostname="DESKTOP-K42ITB2" failures="0" tests="2" name="com.naukri.qa.testcasses.HomePageTest" time="43.052" errors="0" timestamp="2022-11-04T14:23:52 IST" skipped="1">
  <testcase classname="com.naukri.qa.testcasses.HomePageTest" name="verifyUserNameTest" time="43.052"/>
  <system-out/>
  <testcase classname="com.naukri.qa.testcasses.HomePageTest" name="verifyHomePageTitleTest">
    <skipped/>
  </testcase> <!-- verifyHomePageTitleTest -->
  <system-out/>
</testsuite> <!-- com.naukri.qa.testcasses.HomePageTest -->
