<?xml version="1.0" encoding="UTF-8"?>
<!-- Generated by org.testng.reporters.JUnitReportReporter -->
<testsuite hostname="DESKTOP-K42ITB2" failures="0" tests="1" name="com.naukri.qa.testcasses.SampleTest" time="35.550" errors="0" timestamp="2022-10-17T10:59:25 IST" skipped="0">
  <testcase classname="com.naukri.qa.testcasses.SampleTest" name="sample" time="35.550"/>
  <system-out/>
</testsuite> <!-- com.naukri.qa.testcasses.SampleTest -->
