<?xml version="1.0" encoding="UTF-8"?>
<!-- Generated by org.testng.reporters.JUnitReportReporter -->
<testsuite hostname="DESKTOP-K42ITB2" failures="0" tests="2" name="com.naukri.qa.testcasses.ProfileSummaryUpdateTest" time="79.211" errors="0" timestamp="2022-11-04T14:23:52 IST" skipped="1">
  <testcase classname="com.naukri.qa.testcasses.ProfileSummaryUpdateTest" name="psUpdatingTest" time="79.211"/>
  <system-out/>
  <testcase classname="com.naukri.qa.testcasses.ProfileSummaryUpdateTest" name="frameTest">
    <skipped/>
  </testcase> <!-- frameTest -->
  <system-out/>
</testsuite> <!-- com.naukri.qa.testcasses.ProfileSummaryUpdateTest -->
