<?xml version="1.0" encoding="UTF-8"?>
<!-- Generated by org.testng.reporters.JUnitReportReporter -->
<testsuite hostname="DESKTOP-K42ITB2" failures="0" tests="1" name="com.naukri.qa.testcasses.ProfileActionTest" time="42.772" errors="0" timestamp="2023-02-27T11:07:51 IST" skipped="0">
  <testcase classname="com.naukri.qa.testcasses.ProfileActionTest" name="searchTest" time="42.772"/>
  <system-out/>
</testsuite> <!-- com.naukri.qa.testcasses.ProfileActionTest -->
