<?xml version="1.0" encoding="UTF-8"?>
<!-- Generated by org.testng.reporters.JUnitReportReporter -->
<testsuite hostname="DESKTOP-K42ITB2" failures="0" tests="2" name="com.naukri.qa.testcasses.UpdateProfileTest" time="82.462" errors="0" timestamp="2022-11-11T18:48:21 IST" skipped="1">
  <testcase classname="com.naukri.qa.testcasses.UpdateProfileTest" name="resumeUpdateTest" time="82.462"/>
  <system-out/>
  <testcase classname="com.naukri.qa.testcasses.UpdateProfileTest" name="verifyProfilePageTitleTest">
    <skipped/>
  </testcase> <!-- verifyProfilePageTitleTest -->
  <system-out/>
</testsuite> <!-- com.naukri.qa.testcasses.UpdateProfileTest -->
